<?xml version="1.0" encoding="UTF-8"?>
<!-- Generated by org.testng.reporters.JUnitReportReporter -->
<testsuite hostname="LAPTOP-0DACUFBP" name="com.testng.OrderofTestNg" tests="2" failures="0" timestamp="31 Jan 2020 06:11:01 GMT" time="0.023" errors="0">
  <testcase name="mainnn" time="0.018" classname="com.testng.OrderofTestNg"/>
  <testcase name="man2" time="0.005" classname="com.testng.OrderofTestNg"/>
</testsuite> <!-- com.testng.OrderofTestNg -->
