<?xml version="1.0" encoding="UTF-8"?>
<!-- Generated by org.testng.reporters.JUnitReportReporter -->
<testsuite hostname="LAPTOP-0DACUFBP" name="Practise.downloadingaFile" tests="1" failures="0" timestamp="30 Dec 2019 11:35:38 GMT" time="42.033" errors="0">
  <testcase name="cutewallpaper" time="42.033" classname="Practise.downloadingaFile"/>
</testsuite> <!-- Practise.downloadingaFile -->
