<?xml version="1.0" encoding="UTF-8"?>
<!-- Generated by org.testng.reporters.JUnitReportReporter -->
<testsuite hostname="LAPTOP-0DACUFBP" name="Mypackage.Google" tests="2" failures="0" timestamp="26 Apr 2019 06:27:34 GMT" time="152.183" errors="0">
  <testcase name="tc1" time="84.185" classname="Mypackage.Google"/>
  <testcase name="tc2" time="67.998" classname="Mypackage.Google"/>
</testsuite> <!-- Mypackage.Google -->
