<?xml version="1.0" encoding="UTF-8"?>
<!-- Generated by org.testng.reporters.JUnitReportReporter -->
<testsuite hostname="LAPTOP-0DACUFBP" name="newtours.fblogin" tests="3" failures="0" timestamp="26 Dec 2019 09:38:44 GMT" time="5.751" errors="0">
  <testcase name="fbb" time="0.855" classname="newtours.fblogin"/>
  <testcase name="Selmonth" time="3.080" classname="newtours.fblogin"/>
  <testcase name="roundtripstatus" time="1.816" classname="newtours.fblogin"/>
</testsuite> <!-- newtours.fblogin -->
