<?xml version="1.0" encoding="UTF-8"?>
<!-- Generated by org.testng.reporters.JUnitReportReporter -->
<testsuite hostname="LAPTOP-0DACUFBP" name="Practise.mousemovementdraganddrop" tests="1" failures="0" timestamp="2 Jan 2020 11:17:41 GMT" time="36.495" errors="0">
  <testcase name="jquery" time="36.495" classname="Practise.mousemovementdraganddrop"/>
</testsuite> <!-- Practise.mousemovementdraganddrop -->
