<?xml version="1.0" encoding="UTF-8"?>
<!-- Generated by org.testng.reporters.JUnitReportReporter -->
<testsuite hostname="LAPTOP-0DACUFBP" name="newtours.Verifylogin" tests="1" failures="0" timestamp="18 Dec 2019 09:29:02 GMT" time="0.002" errors="1">
  <testcase name="page" time="0.002" classname="newtours.Verifylogin">
    <error type="org.openqa.selenium.WebDriverException" message="Failed to connect to binary FirefoxBinary(C:\Program Files\Mozilla Firefox\firefox.exe) on port 7055; process output follows: 
a Firefox\browser\features\formautofill@mozilla.org.xpi
1576661317346	addons.xpi	INFO	Mapping jaws-esr@mozilla.org to C:\Program Files\Mozilla Firefox\browser\features\jaws-esr@mozilla.org.xpi
1576661317346	addons.xpi	INFO	Mapping onboarding@mozilla.org to C:\Program Files\Mozilla Firefox\browser\features\onboarding@mozilla.org.xpi
1576661317346	addons.xpi	INFO	Mapping screenshots@mozilla.org to C:\Program Files\Mozilla Firefox\browser\features\screenshots@mozilla.org.xpi
1576661317347	addons.xpi	INFO	Mapping webcompat@mozilla.org to C:\Program Files\Mozilla Firefox\browser\features\webcompat@mozilla.org.xpi
1576661317348	addons.xpi	DEBUG	Existing add-on activity-stream@mozilla.org in app-system-defaults
1576661317349	addons.xpi	DEBUG	Existing add-on aushelper@mozilla.org in app-system-defaults
1576661317350	addons.xpi	DEBUG	Existing add-on firefox@getpocket.com in app-system-defaults
1576661317351	addons.xpi	DEBUG	Existing add-on followonsearch@mozilla.com in app-system-defaults
1576661317352	addons.xpi	DEBUG	Existing add-on formautofill@mozilla.org in app-system-defaults
1576661317352	addons.xpi	DEBUG	Existing add-on jaws-esr@mozilla.org in app-system-defaults
1576661317352	addons.xpi	DEBUG	Existing add-on onboarding@mozilla.org in app-system-defaults
1576661317353	addons.xpi	DEBUG	Existing add-on screenshots@mozilla.org in app-system-defaults
1576661317354	addons.xpi	DEBUG	Existing add-on webcompat@mozilla.org in app-system-defaults
1576661317355	addons.xpi	INFO	Mapping {972ce4c6-7e08-4474-a285-3208198ce6fd} to C:\Program Files\Mozilla Firefox\browser\extensions\{972ce4c6-7e08-4474-a285-3208198ce6fd}.xpi
1576661317356	addons.xpi	DEBUG	Existing add-on {972ce4c6-7e08-4474-a285-3208198ce6fd} in app-global
1576661317357	addons.xpi	DEBUG	Existing add-on {4ED1F68A-5463-4931-9384-8FFF5ED91D92} in winreg-app-global
1576661317357	addons.xpi	DEBUG	getInstallState changed: false, state: {}
1576661331180	addons.xpi	DEBUG	Calling bootstrap method shutdown on webcompat@mozilla.org version 1.1
1576661331182	addons.xpi	DEBUG	Calling bootstrap method shutdown on screenshots@mozilla.org version 30.1.0
1576661331195	addons.xpi	DEBUG	Calling bootstrap method shutdown on onboarding@mozilla.org version 1.0
1576661331196	addons.xpi	DEBUG	Calling bootstrap method shutdown on jaws-esr@mozilla.org version 1.2
1576661331198	addons.xpi	DEBUG	Calling bootstrap method shutdown on formautofill@mozilla.org version 1.0
1576661331199	addons.xpi	DEBUG	Calling bootstrap method shutdown on followonsearch@mozilla.com version 0.9.6
1576661331200	addons.xpi	DEBUG	Calling bootstrap method shutdown on firefox@getpocket.com version 1.0.5
1576661331201	addons.xpi	DEBUG	Calling bootstrap method shutdown on aushelper@mozilla.org version 2.0
1576661331202	addons.xpi	DEBUG	Calling bootstrap method shutdown on activity-stream@mozilla.org version 2018.04.20.1103-b3b95672
[Child 968, Chrome_ChildThread] WARNING: pipe error: 109: file z:/build/build/src/ipc/chromium/src/chrome/common/ipc_channel_win.cc, line 332
[Child 4648, Chrome_ChildThread] WARNING: pipe error: 109: file z:/build/build/src/ipc/chromium/src/chrome/common/ipc_channel_win.cc, line 332
[Child 4648, Chrome_ChildThread] WARNING: pipe error: 109: file z:/build/build/src/ipc/chromium/src/chrome/common/ipc_channel_win.cc, line 332
1576661331709	addons.manager	DEBUG	shutdown
1576661331711	addons.manager	DEBUG	Calling shutdown blocker for XPIProvider
1576661331712	addons.xpi	DEBUG	shutdown
1576661331713	addons.xpi-utils	DEBUG	shutdown
1576661331713	addons.manager	DEBUG	Calling shutdown blocker for LightweightThemeManager
1576661331714	addons.manager	DEBUG	Calling shutdown blocker for GMPProvider
1576661331716	addons.manager	DEBUG	Calling shutdown blocker for PluginProvider
1576661331717	addons.manager	DEBUG	Calling shutdown blocker for PreviousExperimentProvider
1576661331731	addons.manager	DEBUG	Async provider shutdown done
*** UTM:SVC TimerManager:registerTimer called after profile-before-change notification. Ignoring timer registration for id: telemetry_modules_ping

Build info: version: &#039;2.53.0&#039;, revision: &#039;35ae25b&#039;, time: &#039;2016-03-15 17:00:58&#039;
System info: host: &#039;LAPTOP-0DACUFBP&#039;, ip: &#039;192.168.0.111&#039;, os.name: &#039;Windows 10&#039;, os.arch: &#039;amd64&#039;, os.version: &#039;10.0&#039;, java.version: &#039;1.8.0_201&#039;
Driver info: driver.version: FirefoxDriver">
      <![CDATA[org.openqa.selenium.WebDriverException: Failed to connect to binary FirefoxBinary(C:\Program Files\Mozilla Firefox\firefox.exe) on port 7055; process output follows: 
a Firefox\browser\features\formautofill@mozilla.org.xpi
1576661317346	addons.xpi	INFO	Mapping jaws-esr@mozilla.org to C:\Program Files\Mozilla Firefox\browser\features\jaws-esr@mozilla.org.xpi
1576661317346	addons.xpi	INFO	Mapping onboarding@mozilla.org to C:\Program Files\Mozilla Firefox\browser\features\onboarding@mozilla.org.xpi
1576661317346	addons.xpi	INFO	Mapping screenshots@mozilla.org to C:\Program Files\Mozilla Firefox\browser\features\screenshots@mozilla.org.xpi
1576661317347	addons.xpi	INFO	Mapping webcompat@mozilla.org to C:\Program Files\Mozilla Firefox\browser\features\webcompat@mozilla.org.xpi
1576661317348	addons.xpi	DEBUG	Existing add-on activity-stream@mozilla.org in app-system-defaults
1576661317349	addons.xpi	DEBUG	Existing add-on aushelper@mozilla.org in app-system-defaults
1576661317350	addons.xpi	DEBUG	Existing add-on firefox@getpocket.com in app-system-defaults
1576661317351	addons.xpi	DEBUG	Existing add-on followonsearch@mozilla.com in app-system-defaults
1576661317352	addons.xpi	DEBUG	Existing add-on formautofill@mozilla.org in app-system-defaults
1576661317352	addons.xpi	DEBUG	Existing add-on jaws-esr@mozilla.org in app-system-defaults
1576661317352	addons.xpi	DEBUG	Existing add-on onboarding@mozilla.org in app-system-defaults
1576661317353	addons.xpi	DEBUG	Existing add-on screenshots@mozilla.org in app-system-defaults
1576661317354	addons.xpi	DEBUG	Existing add-on webcompat@mozilla.org in app-system-defaults
1576661317355	addons.xpi	INFO	Mapping {972ce4c6-7e08-4474-a285-3208198ce6fd} to C:\Program Files\Mozilla Firefox\browser\extensions\{972ce4c6-7e08-4474-a285-3208198ce6fd}.xpi
1576661317356	addons.xpi	DEBUG	Existing add-on {972ce4c6-7e08-4474-a285-3208198ce6fd} in app-global
1576661317357	addons.xpi	DEBUG	Existing add-on {4ED1F68A-5463-4931-9384-8FFF5ED91D92} in winreg-app-global
1576661317357	addons.xpi	DEBUG	getInstallState changed: false, state: {}
1576661331180	addons.xpi	DEBUG	Calling bootstrap method shutdown on webcompat@mozilla.org version 1.1
1576661331182	addons.xpi	DEBUG	Calling bootstrap method shutdown on screenshots@mozilla.org version 30.1.0
1576661331195	addons.xpi	DEBUG	Calling bootstrap method shutdown on onboarding@mozilla.org version 1.0
1576661331196	addons.xpi	DEBUG	Calling bootstrap method shutdown on jaws-esr@mozilla.org version 1.2
1576661331198	addons.xpi	DEBUG	Calling bootstrap method shutdown on formautofill@mozilla.org version 1.0
1576661331199	addons.xpi	DEBUG	Calling bootstrap method shutdown on followonsearch@mozilla.com version 0.9.6
1576661331200	addons.xpi	DEBUG	Calling bootstrap method shutdown on firefox@getpocket.com version 1.0.5
1576661331201	addons.xpi	DEBUG	Calling bootstrap method shutdown on aushelper@mozilla.org version 2.0
1576661331202	addons.xpi	DEBUG	Calling bootstrap method shutdown on activity-stream@mozilla.org version 2018.04.20.1103-b3b95672
[Child 968, Chrome_ChildThread] WARNING: pipe error: 109: file z:/build/build/src/ipc/chromium/src/chrome/common/ipc_channel_win.cc, line 332
[Child 4648, Chrome_ChildThread] WARNING: pipe error: 109: file z:/build/build/src/ipc/chromium/src/chrome/common/ipc_channel_win.cc, line 332
[Child 4648, Chrome_ChildThread] WARNING: pipe error: 109: file z:/build/build/src/ipc/chromium/src/chrome/common/ipc_channel_win.cc, line 332
1576661331709	addons.manager	DEBUG	shutdown
1576661331711	addons.manager	DEBUG	Calling shutdown blocker for XPIProvider
1576661331712	addons.xpi	DEBUG	shutdown
1576661331713	addons.xpi-utils	DEBUG	shutdown
1576661331713	addons.manager	DEBUG	Calling shutdown blocker for LightweightThemeManager
1576661331714	addons.manager	DEBUG	Calling shutdown blocker for GMPProvider
1576661331716	addons.manager	DEBUG	Calling shutdown blocker for PluginProvider
1576661331717	addons.manager	DEBUG	Calling shutdown blocker for PreviousExperimentProvider
1576661331731	addons.manager	DEBUG	Async provider shutdown done
*** UTM:SVC TimerManager:registerTimer called after profile-before-change notification. Ignoring timer registration for id: telemetry_modules_ping

Build info: version: '2.53.0', revision: '35ae25b', time: '2016-03-15 17:00:58'
System info: host: 'LAPTOP-0DACUFBP', ip: '192.168.0.111', os.name: 'Windows 10', os.arch: 'amd64', os.version: '10.0', java.version: '1.8.0_201'
Driver info: driver.version: FirefoxDriver
	at org.openqa.selenium.firefox.internal.NewProfileExtensionConnection.start(NewProfileExtensionConnection.java:124)
	at org.openqa.selenium.firefox.FirefoxDriver.startClient(FirefoxDriver.java:271)
	at org.openqa.selenium.remote.RemoteWebDriver.<init>(RemoteWebDriver.java:119)
	at org.openqa.selenium.firefox.FirefoxDriver.<init>(FirefoxDriver.java:218)
	at org.openqa.selenium.firefox.FirefoxDriver.<init>(FirefoxDriver.java:211)
	at org.openqa.selenium.firefox.FirefoxDriver.<init>(FirefoxDriver.java:207)
	at org.openqa.selenium.firefox.FirefoxDriver.<init>(FirefoxDriver.java:120)
	at newtours.Verifylogin.open(Verifylogin.java:28)
	at sun.reflect.NativeMethodAccessorImpl.invoke0(Native Method)
	at sun.reflect.NativeMethodAccessorImpl.invoke(NativeMethodAccessorImpl.java:62)
	at sun.reflect.DelegatingMethodAccessorImpl.invoke(DelegatingMethodAccessorImpl.java:43)
	at java.lang.reflect.Method.invoke(Method.java:498)
	at org.testng.internal.MethodInvocationHelper.invokeMethod(MethodInvocationHelper.java:85)
	at org.testng.internal.Invoker.invokeConfigurationMethod(Invoker.java:510)
	at org.testng.internal.Invoker.invokeConfigurations(Invoker.java:211)
	at org.testng.internal.Invoker.invokeConfigurations(Invoker.java:138)
	at org.testng.TestRunner.beforeRun(TestRunner.java:648)
	at org.testng.TestRunner.run(TestRunner.java:616)
	at org.testng.SuiteRunner.runTest(SuiteRunner.java:359)
	at org.testng.SuiteRunner.runSequentially(SuiteRunner.java:354)
	at org.testng.SuiteRunner.privateRun(SuiteRunner.java:312)
	at org.testng.SuiteRunner.run(SuiteRunner.java:261)
	at org.testng.SuiteRunnerWorker.runSuite(SuiteRunnerWorker.java:52)
	at org.testng.SuiteRunnerWorker.run(SuiteRunnerWorker.java:86)
	at org.testng.TestNG.runSuitesSequentially(TestNG.java:1215)
	at org.testng.TestNG.runSuitesLocally(TestNG.java:1140)
	at org.testng.TestNG.run(TestNG.java:1048)
	at org.testng.remote.RemoteTestNG.run(RemoteTestNG.java:112)
	at org.testng.remote.RemoteTestNG.initAndRun(RemoteTestNG.java:205)
	at org.testng.remote.RemoteTestNG.main(RemoteTestNG.java:176)
Caused by: org.openqa.selenium.firefox.NotConnectedException: Unable to connect to host 127.0.0.1 on port 7055 after 45000 ms. Firefox console output:
a Firefox\browser\features\formautofill@mozilla.org.xpi
1576661317346	addons.xpi	INFO	Mapping jaws-esr@mozilla.org to C:\Program Files\Mozilla Firefox\browser\features\jaws-esr@mozilla.org.xpi
1576661317346	addons.xpi	INFO	Mapping onboarding@mozilla.org to C:\Program Files\Mozilla Firefox\browser\features\onboarding@mozilla.org.xpi
1576661317346	addons.xpi	INFO	Mapping screenshots@mozilla.org to C:\Program Files\Mozilla Firefox\browser\features\screenshots@mozilla.org.xpi
1576661317347	addons.xpi	INFO	Mapping webcompat@mozilla.org to C:\Program Files\Mozilla Firefox\browser\features\webcompat@mozilla.org.xpi
1576661317348	addons.xpi	DEBUG	Existing add-on activity-stream@mozilla.org in app-system-defaults
1576661317349	addons.xpi	DEBUG	Existing add-on aushelper@mozilla.org in app-system-defaults
1576661317350	addons.xpi	DEBUG	Existing add-on firefox@getpocket.com in app-system-defaults
1576661317351	addons.xpi	DEBUG	Existing add-on followonsearch@mozilla.com in app-system-defaults
1576661317352	addons.xpi	DEBUG	Existing add-on formautofill@mozilla.org in app-system-defaults
1576661317352	addons.xpi	DEBUG	Existing add-on jaws-esr@mozilla.org in app-system-defaults
1576661317352	addons.xpi	DEBUG	Existing add-on onboarding@mozilla.org in app-system-defaults
1576661317353	addons.xpi	DEBUG	Existing add-on screenshots@mozilla.org in app-system-defaults
1576661317354	addons.xpi	DEBUG	Existing add-on webcompat@mozilla.org in app-system-defaults
1576661317355	addons.xpi	INFO	Mapping {972ce4c6-7e08-4474-a285-3208198ce6fd} to C:\Program Files\Mozilla Firefox\browser\extensions\{972ce4c6-7e08-4474-a285-3208198ce6fd}.xpi
1576661317356	addons.xpi	DEBUG	Existing add-on {972ce4c6-7e08-4474-a285-3208198ce6fd} in app-global
1576661317357	addons.xpi	DEBUG	Existing add-on {4ED1F68A-5463-4931-9384-8FFF5ED91D92} in winreg-app-global
1576661317357	addons.xpi	DEBUG	getInstallState changed: false, state: {}
1576661331180	addons.xpi	DEBUG	Calling bootstrap method shutdown on webcompat@mozilla.org version 1.1
1576661331182	addons.xpi	DEBUG	Calling bootstrap method shutdown on screenshots@mozilla.org version 30.1.0
1576661331195	addons.xpi	DEBUG	Calling bootstrap method shutdown on onboarding@mozilla.org version 1.0
1576661331196	addons.xpi	DEBUG	Calling bootstrap method shutdown on jaws-esr@mozilla.org version 1.2
1576661331198	addons.xpi	DEBUG	Calling bootstrap method shutdown on formautofill@mozilla.org version 1.0
1576661331199	addons.xpi	DEBUG	Calling bootstrap method shutdown on followonsearch@mozilla.com version 0.9.6
1576661331200	addons.xpi	DEBUG	Calling bootstrap method shutdown on firefox@getpocket.com version 1.0.5
1576661331201	addons.xpi	DEBUG	Calling bootstrap method shutdown on aushelper@mozilla.org version 2.0
1576661331202	addons.xpi	DEBUG	Calling bootstrap method shutdown on activity-stream@mozilla.org version 2018.04.20.1103-b3b95672
[Child 968, Chrome_ChildThread] WARNING: pipe error: 109: file z:/build/build/src/ipc/chromium/src/chrome/common/ipc_channel_win.cc, line 332
[Child 4648, Chrome_ChildThread] WARNING: pipe error: 109: file z:/build/build/src/ipc/chromium/src/chrome/common/ipc_channel_win.cc, line 332
[Child 4648, Chrome_ChildThread] WARNING: pipe error: 109: file z:/build/build/src/ipc/chromium/src/chrome/common/ipc_channel_win.cc, line 332
1576661331709	addons.manager	DEBUG	shutdown
1576661331711	addons.manager	DEBUG	Calling shutdown blocker for XPIProvider
1576661331712	addons.xpi	DEBUG	shutdown
1576661331713	addons.xpi-utils	DEBUG	shutdown
1576661331713	addons.manager	DEBUG	Calling shutdown blocker for LightweightThemeManager
1576661331714	addons.manager	DEBUG	Calling shutdown blocker for GMPProvider
1576661331716	addons.manager	DEBUG	Calling shutdown blocker for PluginProvider
1576661331717	addons.manager	DEBUG	Calling shutdown blocker for PreviousExperimentProvider
1576661331731	addons.manager	DEBUG	Async provider shutdown done
*** UTM:SVC TimerManager:registerTimer called after profile-before-change notification. Ignoring timer registration for id: telemetry_modules_ping

	at org.openqa.selenium.firefox.internal.NewProfileExtensionConnection.start(NewProfileExtensionConnection.java:112)
	... 29 more
]]>
    </error>
  </testcase> <!-- page -->
</testsuite> <!-- newtours.Verifylogin -->
