<?xml version="1.0" encoding="UTF-8"?>
<!-- Generated by org.testng.reporters.JUnitReportReporter -->
<testsuite hostname="LAPTOP-0DACUFBP" name="newtours.mercurydropdown" tests="1" failures="0" timestamp="25 Jan 2020 14:33:51 GMT" time="104.817" errors="0">
  <testcase name="FlightsdatereturnCalender" time="104.817" classname="newtours.mercurydropdown"/>
</testsuite> <!-- newtours.mercurydropdown -->
