<?xml version="1.0" encoding="UTF-8"?>
<!-- Generated by org.testng.reporters.JUnitReportReporter -->
<testsuite hostname="LAPTOP-0DACUFBP" name="Mypackage.Explicitywait" tests="1" failures="0" timestamp="23 Nov 2019 10:37:26 GMT" time="5.051" errors="0">
  <testcase name="operation" time="5.051" classname="Mypackage.Explicitywait"/>
</testsuite> <!-- Mypackage.Explicitywait -->
