<?xml version="1.0" encoding="UTF-8"?>
<!-- Generated by org.testng.reporters.JUnitReportReporter -->
<testsuite hostname="LAPTOP-0DACUFBP" name="Practise.uploadaFile" tests="1" failures="0" timestamp="30 Dec 2019 12:57:34 GMT" time="80.484" errors="0">
  <testcase name="uploadpdf" time="80.484" classname="Practise.uploadaFile"/>
</testsuite> <!-- Practise.uploadaFile -->
