<?xml version="1.0" encoding="UTF-8"?>
<!-- Generated by org.testng.reporters.JUnitReportReporter -->
<testsuite hostname="LAPTOP-0DACUFBP" name="Mypackage.WorkingwithTestng" tests="1" failures="0" timestamp="24 Apr 2019 06:34:43 GMT" time="29.024" errors="0">
  <testcase name="login" time="29.024" classname="Mypackage.WorkingwithTestng"/>
</testsuite> <!-- Mypackage.WorkingwithTestng -->
