<?xml version="1.0" encoding="UTF-8"?>
<!-- Generated by org.testng.reporters.JUnitReportReporter -->
<testsuite hostname="LAPTOP-0DACUFBP" name="DecInterQestionsandans.samplewithtestng" tests="5" failures="0" timestamp="16 Jan 2020 09:55:35 GMT" time="0.026" errors="0">
  <testcase name="d_method" time="0.001" classname="DecInterQestionsandans.samplewithtestng"/>
  <testcase name="e_method" time="0.002" classname="DecInterQestionsandans.samplewithtestng"/>
  <testcase name="A_method" time="0.021" classname="DecInterQestionsandans.samplewithtestng"/>
  <testcase name="C_method" time="0.001" classname="DecInterQestionsandans.samplewithtestng"/>
  <testcase name="B_method" time="0.001" classname="DecInterQestionsandans.samplewithtestng"/>
</testsuite> <!-- DecInterQestionsandans.samplewithtestng -->
