<?xml version="1.0" encoding="UTF-8"?>
<!-- Generated by org.testng.reporters.JUnitReportReporter -->
<testsuite hostname="LAPTOP-0DACUFBP" name="Practise.GetCountrynamesinNewtours" tests="1" failures="0" timestamp="7 Jan 2020 15:38:47 GMT" time="39.149" errors="0">
  <testcase name="openregisterpage" time="39.149" classname="Practise.GetCountrynamesinNewtours"/>
</testsuite> <!-- Practise.GetCountrynamesinNewtours -->
