<?xml version="1.0" encoding="UTF-8"?>
<!-- Generated by org.testng.reporters.JUnitReportReporter -->
<testsuite hostname="LAPTOP-0DACUFBP" name="Mypackage.Launching" tests="1" failures="0" timestamp="4 Dec 2019 13:41:39 GMT" time="38.102" errors="0">
  <testcase name="operation" time="38.102" classname="Mypackage.Launching"/>
</testsuite> <!-- Mypackage.Launching -->
