<?xml version="1.0" encoding="UTF-8"?>
<!-- Generated by org.testng.reporters.JUnitReportReporter -->
<testsuite hostname="LAPTOP-0DACUFBP" name="Worldtimeanddate" tests="1" failures="0" timestamp="14 Jan 2020 08:25:15 GMT" time="59.893" errors="0">
  <testcase name="m1" time="59.893" classname="Worldtimeanddate"/>
</testsuite> <!-- Worldtimeanddate -->
