<?xml version="1.0" encoding="UTF-8"?>
<!-- Generated by org.testng.reporters.JUnitReportReporter -->
<testsuite hostname="LAPTOP-0DACUFBP" name="com.testng.testngfirstclass" tests="2" failures="0" timestamp="29 Jan 2020 04:23:25 GMT" time="0.022" errors="0">
  <testcase name="main2n" time="0.017" classname="com.testng.testngfirstclass"/>
  <testcase name="mainnn" time="0.005" classname="com.testng.testngfirstclass"/>
</testsuite> <!-- com.testng.testngfirstclass -->
