<?xml version="1.0" encoding="UTF-8"?>
<!-- Generated by org.testng.reporters.JUnitReportReporter -->
<testsuite hostname="LAPTOP-0DACUFBP" name="ContextclickonGmail" tests="1" failures="0" timestamp="14 Jan 2020 08:49:46 GMT" time="23.245" errors="0">
  <testcase name="contex" time="23.245" classname="ContextclickonGmail"/>
</testsuite> <!-- ContextclickonGmail -->
