<?xml version="1.0" encoding="UTF-8"?>
<!-- Generated by org.testng.reporters.JUnitReportReporter -->
<testsuite hostname="LAPTOP-0DACUFBP" name="Practise.DropDownListSortedOrNot" tests="1" failures="0" timestamp="31 Jan 2020 05:55:49 GMT" time="75.475" errors="0">
  <testcase name="dropDownListSortedOrNot" time="75.475" classname="Practise.DropDownListSortedOrNot"/>
</testsuite> <!-- Practise.DropDownListSortedOrNot -->
