<?xml version="1.0" encoding="UTF-8"?>
<!-- Generated by org.testng.reporters.JUnitReportReporter -->
<testsuite hostname="LAPTOP-0DACUFBP" name="DecInterQestionsandans.practisewithtestng" tests="2" failures="0" timestamp="21 Jan 2020 18:33:01 GMT" time="0.014" errors="0">
  <testcase name="pmat" time="0.001" classname="DecInterQestionsandans.practisewithtestng"/>
  <testcase name="mat" time="0.013" classname="DecInterQestionsandans.practisewithtestng"/>
</testsuite> <!-- DecInterQestionsandans.practisewithtestng -->
