<?xml version="1.0" encoding="UTF-8"?>
<!-- Generated by org.testng.reporters.JUnitReportReporter -->
<testsuite hostname="LAPTOP-0DACUFBP" name="Mypackage.WorkingwithAlerts" tests="1" failures="0" timestamp="23 Nov 2019 13:33:18 GMT" time="1.789" errors="0">
  <testcase name="Homepage" time="1.789" classname="Mypackage.WorkingwithAlerts"/>
</testsuite> <!-- Mypackage.WorkingwithAlerts -->
